<?xml version="1.0" encoding="UTF-8"?>
<!-- Generated by org.testng.reporters.JUnitXMLReporter -->
<testsuite ignored="0" hostname="dell-inspiron-5559" failures="0" tests="2" name="Surefire test" time="32.689" errors="0" timestamp="20 Nov 2022 20:26:52 GMT">
  <testcase classname="io.cucumber.testng.AbstractTestNGCucumberTests" name="runScenario" time="21.809"/>
  <testcase classname="io.cucumber.testng.AbstractTestNGCucumberTests" name="runScenario" time="10.269"/>
</testsuite> <!-- Surefire test -->
