<?xml version="1.0" encoding="UTF-8"?>
<testng-results ignored="0" total="1" passed="1" failed="0" skipped="0">
  <reporter-output>
  </reporter-output>
  <suite started-at="2022-11-20T13:03:25Z" name="Surefire suite" finished-at="2022-11-20T13:03:34Z" duration-ms="8926">
    <groups>
      <group name="cucumber">
        <method signature="AbstractTestNGCucumberTests.runScenario(io.cucumber.testng.PickleWrapper, io.cucumber.testng.FeatureWrapper)[pri:0, instance:testRunner.TestngTestRunner@2aa5fe93]" name="runScenario" class="io.cucumber.testng.AbstractTestNGCucumberTests"/>
      </group> <!-- cucumber -->
    </groups>
    <test started-at="2022-11-20T13:03:25Z" name="Surefire test" finished-at="2022-11-20T13:03:34Z" duration-ms="8926">
      <class name="testRunner.TestngTestRunner">
        <test-method is-config="true" signature="setUpClass(org.testng.ITestContext)[pri:0, instance:testRunner.TestngTestRunner@2aa5fe93]" started-at="2022-11-20T13:03:25Z" name="setUpClass" finished-at="2022-11-20T13:03:25Z" duration-ms="493" status="PASS">
          <params>
            <param index="0">
              <value>
                <![CDATA[org.testng.TestRunner@1220ef43]]>
              </value>
            </param>
          </params>
          <reporter-output>
          </reporter-output>
        </test-method> <!-- setUpClass -->
        <test-method signature="runScenario(io.cucumber.testng.PickleWrapper, io.cucumber.testng.FeatureWrapper)[pri:0, instance:testRunner.TestngTestRunner@2aa5fe93]" started-at="2022-11-20T13:03:25Z" name="runScenario" description="Runs Cucumber Scenarios" data-provider="scenarios" finished-at="2022-11-20T13:03:34Z" duration-ms="8344" status="PASS">
          <params>
            <param index="0">
              <value>
                <![CDATA["Admin home page default login"]]>
              </value>
            </param>
            <param index="1">
              <value>
                <![CDATA["PSS Admin Login"]]>
              </value>
            </param>
          </params>
          <reporter-output>
          </reporter-output>
        </test-method> <!-- runScenario -->
        <test-method is-config="true" signature="tearDownClass()[pri:0, instance:testRunner.TestngTestRunner@2aa5fe93]" started-at="2022-11-20T13:03:34Z" name="tearDownClass" finished-at="2022-11-20T13:03:34Z" duration-ms="49" status="PASS">
          <reporter-output>
          </reporter-output>
        </test-method> <!-- tearDownClass -->
      </class> <!-- testRunner.TestngTestRunner -->
    </test> <!-- Surefire test -->
  </suite> <!-- Surefire suite -->
</testng-results>
