<?xml version="1.0" encoding="UTF-8"?>
<testng-results ignored="0" total="1" passed="1" failed="0" skipped="0">
  <reporter-output>
  </reporter-output>
  <suite started-at="2022-11-20T07:27:02Z" name="Surefire suite" finished-at="2022-11-20T07:27:13Z" duration-ms="11567">
    <groups>
      <group name="cucumber">
        <method signature="AbstractTestNGCucumberTests.runScenario(io.cucumber.testng.PickleWrapper, io.cucumber.testng.FeatureWrapper)[pri:0, instance:cucumber_options.TestngTestRunner@78b1cc93]" name="runScenario" class="io.cucumber.testng.AbstractTestNGCucumberTests"/>
      </group> <!-- cucumber -->
    </groups>
    <test started-at="2022-11-20T07:27:02Z" name="Surefire test" finished-at="2022-11-20T07:27:13Z" duration-ms="11567">
      <class name="cucumber_options.TestngTestRunner">
        <test-method is-config="true" signature="setUpClass(org.testng.ITestContext)[pri:0, instance:cucumber_options.TestngTestRunner@78b1cc93]" started-at="2022-11-20T07:27:02Z" name="setUpClass" finished-at="2022-11-20T07:27:02Z" duration-ms="430" status="PASS">
          <params>
            <param index="0">
              <value>
                <![CDATA[org.testng.TestRunner@3e0fbeb5]]>
              </value>
            </param>
          </params>
          <reporter-output>
          </reporter-output>
        </test-method> <!-- setUpClass -->
        <test-method signature="runScenario(io.cucumber.testng.PickleWrapper, io.cucumber.testng.FeatureWrapper)[pri:0, instance:cucumber_options.TestngTestRunner@78b1cc93]" started-at="2022-11-20T07:27:02Z" name="runScenario" description="Runs Cucumber Scenarios" data-provider="scenarios" finished-at="2022-11-20T07:27:13Z" duration-ms="11102" status="PASS">
          <params>
            <param index="0">
              <value>
                <![CDATA["Admin home page default login"]]>
              </value>
            </param>
            <param index="1">
              <value>
                <![CDATA["PSS Admin Login"]]>
              </value>
            </param>
          </params>
          <reporter-output>
          </reporter-output>
        </test-method> <!-- runScenario -->
        <test-method is-config="true" signature="tearDownClass()[pri:0, instance:cucumber_options.TestngTestRunner@78b1cc93]" started-at="2022-11-20T07:27:13Z" name="tearDownClass" finished-at="2022-11-20T07:27:13Z" duration-ms="17" status="PASS">
          <reporter-output>
          </reporter-output>
        </test-method> <!-- tearDownClass -->
      </class> <!-- cucumber_options.TestngTestRunner -->
    </test> <!-- Surefire test -->
  </suite> <!-- Surefire suite -->
</testng-results>
